0 info it worked if it ends with ok
1 verbose cli [ '/usr/local/bin/node', '/usr/local/bin/npm', 'publish' ]
2 info using npm@3.3.12
3 info using node@v5.2.0
4 verbose publish [ '.' ]
5 silly cache add args [ '.', null ]
6 verbose cache add spec .
7 silly cache add parsed spec Result {
7 silly cache add   raw: '.',
7 silly cache add   scope: null,
7 silly cache add   name: null,
7 silly cache add   rawSpec: '.',
7 silly cache add   spec: '/home/brewerm/Dropbox/CTGithub/text2cpe',
7 silly cache add   type: 'directory' }
8 verbose addLocalDirectory /home/brewerm/.npm/text2cpe/0.0.1/package.tgz not in flight; packing
9 info lifecycle text2cpe@0.0.1~prepublish: text2cpe@0.0.1
10 silly lifecycle text2cpe@0.0.1~prepublish: no script for prepublish, continuing
11 verbose tar pack [ '/home/brewerm/.npm/text2cpe/0.0.1/package.tgz',
11 verbose tar pack   '/home/brewerm/Dropbox/CTGithub/text2cpe' ]
12 verbose tarball /home/brewerm/.npm/text2cpe/0.0.1/package.tgz
13 verbose folder /home/brewerm/Dropbox/CTGithub/text2cpe
14 verbose addLocalTarball adding from inside cache /home/brewerm/.npm/text2cpe/0.0.1/package.tgz
15 silly cache afterAdd text2cpe@0.0.1
16 verbose afterAdd /home/brewerm/.npm/text2cpe/0.0.1/package/package.json not in flight; writing
17 verbose afterAdd /home/brewerm/.npm/text2cpe/0.0.1/package/package.json written
18 silly publish { name: 'text2cpe',
18 silly publish   version: '0.0.1',
18 silly publish   description: 'Reversed sorta implementation of ShoVAT project as described in white paper',
18 silly publish   main: 'index.js',
18 silly publish   scripts: { test: 'echo "Error: no test specified" && exit 1' },
18 silly publish   keywords: [ 'cve', 'port scans' ],
18 silly publish   author: { name: 'development@threatpinch.com' },
18 silly publish   license: 'MIT',
18 silly publish   dependencies:
18 silly publish    { 'pcre-to-regexp': '0.0.4',
18 silly publish      redis: '^2.6.2',
18 silly publish      'ssdeep.js': '0.0.2',
18 silly publish      underscore: '^1.8.3',
18 silly publish      xml2js: '^0.4.17' },
18 silly publish   devDependencies: {},
18 silly publish   repository:
18 silly publish    { type: 'git',
18 silly publish      url: 'git+https://github.com/cloudtracer/text2cpe.git' },
18 silly publish   bugs: { url: 'https://github.com/cloudtracer/text2cpe/issues' },
18 silly publish   homepage: 'https://github.com/cloudtracer/text2cpe#readme',
18 silly publish   readme: '# text2cpe\n',
18 silly publish   readmeFilename: 'README.md',
18 silly publish   gitHead: '2c4248e36e10ca6997c3e48375e4027e7e08d724',
18 silly publish   _id: 'text2cpe@0.0.1',
18 silly publish   _shasum: 'f0f33fc1b68346c4961191327eedee74aa4b898b',
18 silly publish   _from: '.' }
19 verbose getPublishConfig undefined
20 silly mapToRegistry name text2cpe
21 silly mapToRegistry using default registry
22 silly mapToRegistry registry https://registry.npmjs.org/
23 silly mapToRegistry uri https://registry.npmjs.org/text2cpe
24 verbose publish registryBase https://registry.npmjs.org/
25 silly publish uploading /home/brewerm/.npm/text2cpe/0.0.1/package.tgz
26 verbose request uri https://registry.npmjs.org/text2cpe
27 verbose request sending authorization for write operation
28 info attempt registry request try #1 at 3:39:30 PM
29 verbose request using bearer token for auth
30 verbose request id eca0d018981ab490
31 http request PUT https://registry.npmjs.org/text2cpe
32 http 403 https://registry.npmjs.org/text2cpe
33 verbose headers { 'content-type': 'application/json',
33 verbose headers   'cache-control': 'max-age=300',
33 verbose headers   'content-length': '104',
33 verbose headers   'accept-ranges': 'bytes',
33 verbose headers   date: 'Wed, 20 Sep 2017 19:39:54 GMT',
33 verbose headers   via: '1.1 varnish',
33 verbose headers   connection: 'keep-alive',
33 verbose headers   'x-served-by': 'cache-jfk8138-JFK',
33 verbose headers   'x-cache': 'MISS',
33 verbose headers   'x-cache-hits': '0',
33 verbose headers   'x-timer': 'S1505936371.935257,VS0,VE23904',
33 verbose headers   vary: 'Accept-Encoding, Accept' }
34 verbose request invalidating /home/brewerm/.npm/registry.npmjs.org/text2cpe on PUT
35 error publish Failed PUT 403
36 verbose stack Error: you must verify your email before publishing a new package: https://www.npmjs.com/email-edit : text2cpe
36 verbose stack     at makeError (/usr/local/lib/node_modules/npm/node_modules/npm-registry-client/lib/request.js:264:12)
36 verbose stack     at CachingRegistryClient.<anonymous> (/usr/local/lib/node_modules/npm/node_modules/npm-registry-client/lib/request.js:252:14)
36 verbose stack     at Request._callback (/usr/local/lib/node_modules/npm/node_modules/npm-registry-client/lib/request.js:172:14)
36 verbose stack     at Request.self.callback (/usr/local/lib/node_modules/npm/node_modules/request/request.js:198:22)
36 verbose stack     at emitTwo (events.js:88:13)
36 verbose stack     at Request.emit (events.js:173:7)
36 verbose stack     at Request.<anonymous> (/usr/local/lib/node_modules/npm/node_modules/request/request.js:1082:10)
36 verbose stack     at emitOne (events.js:83:20)
36 verbose stack     at Request.emit (events.js:170:7)
36 verbose stack     at IncomingMessage.<anonymous> (/usr/local/lib/node_modules/npm/node_modules/request/request.js:1009:12)
37 verbose statusCode 403
38 verbose pkgid text2cpe
39 verbose cwd /home/brewerm/Dropbox/CTGithub/text2cpe
40 error Linux 4.4.0-77-generic
41 error argv "/usr/local/bin/node" "/usr/local/bin/npm" "publish"
42 error node v5.2.0
43 error npm  v3.3.12
44 error code E403
45 error you must verify your email before publishing a new package: https://www.npmjs.com/email-edit : text2cpe
46 error If you need help, you may report this error at:
46 error     <https://github.com/npm/npm/issues>
47 verbose exit [ 1, true ]
